<?xml version="1.0" encoding="UTF-8"?>
<!-- Generated by org.testng.reporters.JUnitReportReporter -->
<testsuite skipped="0" hostname="auctionata.local" name="APITesting.com.org.api.WeatherGetRequest" tests="4" failures="0" timestamp="22 Feb 2018 06:49:27 GMT" time="2.160" errors="0">
  <testcase name="Test_02" time="0.114" classname="APITesting.com.org.api.WeatherGetRequest"/>
  <testcase name="Test_03" time="0.088" classname="APITesting.com.org.api.WeatherGetRequest"/>
  <testcase name="Test_04" time="0.590" classname="APITesting.com.org.api.WeatherGetRequest"/>
  <testcase name="Test_01" time="1.368" classname="APITesting.com.org.api.WeatherGetRequest"/>
</testsuite> <!-- APITesting.com.org.api.WeatherGetRequest -->
