<?xml version="1.0" encoding="UTF-8"?>
<!-- Generated by org.testng.reporters.JUnitReportReporter -->
<testsuite skipped="0" hostname="auctionata.local" name="APITesting.com.org.api.JasonServerRequests" tests="6" failures="0" timestamp="05 Mar 2018 10:43:12 GMT" time="1.979" errors="0">
  <testcase name="Test_06" time="0.075" classname="APITesting.com.org.api.JasonServerRequests"/>
  <testcase name="Test_03" time="0.487" classname="APITesting.com.org.api.JasonServerRequests"/>
  <testcase name="Test_04" time="0.048" classname="APITesting.com.org.api.JasonServerRequests"/>
  <testcase name="Test_01" time="1.263" classname="APITesting.com.org.api.JasonServerRequests"/>
  <testcase name="Test_02" time="0.073" classname="APITesting.com.org.api.JasonServerRequests"/>
  <testcase name="Test_05" time="0.033" classname="APITesting.com.org.api.JasonServerRequests"/>
</testsuite> <!-- APITesting.com.org.api.JasonServerRequests -->
