<?xml version="1.0" encoding="UTF-8"?>
<!-- Generated by org.testng.reporters.JUnitReportReporter -->
<testsuite skipped="0" hostname="auctionata.local" name="APITesting.com.org.api.WeatherGetRequest" tests="4" failures="0" timestamp="08 Mar 2018 10:46:48 GMT" time="2.196" errors="0">
  <testcase name="Test_02" time="0.118" classname="APITesting.com.org.api.WeatherGetRequest"/>
  <testcase name="Test_03" time="0.169" classname="APITesting.com.org.api.WeatherGetRequest"/>
  <testcase name="Test_04" time="0.601" classname="APITesting.com.org.api.WeatherGetRequest"/>
  <testcase name="Test_01" time="1.308" classname="APITesting.com.org.api.WeatherGetRequest"/>
</testsuite> <!-- APITesting.com.org.api.WeatherGetRequest -->
