<?xml version="1.0" encoding="UTF-8"?>
<!-- Generated by org.testng.reporters.JUnitReportReporter -->
<testsuite skipped="0" hostname="auctionata.local" name="APITesting.com.org.api.JasonServerRequests" tests="5" failures="0" timestamp="22 Feb 2018 07:44:55 GMT" time="1.969" errors="0">
  <testcase name="Test_03" time="0.549" classname="APITesting.com.org.api.JasonServerRequests"/>
  <testcase name="Test_04" time="0.039" classname="APITesting.com.org.api.JasonServerRequests"/>
  <testcase name="Test_01" time="1.307" classname="APITesting.com.org.api.JasonServerRequests"/>
  <testcase name="Test_02" time="0.046" classname="APITesting.com.org.api.JasonServerRequests"/>
  <testcase name="Test_05" time="0.028" classname="APITesting.com.org.api.JasonServerRequests"/>
</testsuite> <!-- APITesting.com.org.api.JasonServerRequests -->
