<?xml version="1.0" encoding="UTF-8"?>
<!-- Generated by org.testng.reporters.JUnitReportReporter -->
<testsuite skipped="0" hostname="auctionata.local" name="APITesting.com.org.api.JasonServerRequests" tests="9" failures="0" timestamp="08 Mar 2018 12:05:52 GMT" time="2.441" errors="0">
  <testcase name="Test_07" time="0.422" classname="APITesting.com.org.api.JasonServerRequests"/>
  <testcase name="Test_04" time="0.032" classname="APITesting.com.org.api.JasonServerRequests"/>
  <testcase name="Test_03" time="0.499" classname="APITesting.com.org.api.JasonServerRequests"/>
  <testcase name="Test_02" time="0.092" classname="APITesting.com.org.api.JasonServerRequests"/>
  <testcase name="Test_05" time="0.033" classname="APITesting.com.org.api.JasonServerRequests"/>
  <testcase name="Test_09" time="0.026" classname="APITesting.com.org.api.JasonServerRequests"/>
  <testcase name="Test_01" time="1.259" classname="APITesting.com.org.api.JasonServerRequests"/>
  <testcase name="Test_06" time="0.050" classname="APITesting.com.org.api.JasonServerRequests"/>
  <testcase name="Test_08" time="0.028" classname="APITesting.com.org.api.JasonServerRequests"/>
</testsuite> <!-- APITesting.com.org.api.JasonServerRequests -->
